Flow report for MultUse
Sat Oct 20 07:35:30 2018
Quartus II 64-Bit Version 14.1.0 Build 186 12/03/2014 SJ Full Version


---------------------
; Table of Contents ;
---------------------
  1. Legal Notice
  2. Flow Summary
  3. Flow Settings
  4. Flow Non-Default Global Settings
  5. Flow Elapsed Time
  6. Flow OS Summary
  7. Flow Log
  8. Flow Messages
  9. Flow Suppressed Messages



----------------
; Legal Notice ;
----------------
Copyright (C) 1991-2014 Altera Corporation. All rights reserved.
Your use of Altera Corporation's design tools, logic functions 
and other software and tools, and its AMPP partner logic 
functions, and any output files from any of the foregoing 
(including device programming or simulation files), and any 
associated documentation or information are expressly subject 
to the terms and conditions of the Altera Program License 
Subscription Agreement, the Altera Quartus II License Agreement,
the Altera MegaCore Function License Agreement, or other 
applicable license agreement, including, without limitation, 
that your use is for the sole purpose of programming logic 
devices manufactured by Altera and sold by Altera or its 
authorized distributors.  Please refer to the applicable 
agreement for further details.



+----------------------------------------------------------------------------------+
; Flow Summary                                                                     ;
+------------------------------------+---------------------------------------------+
; Flow Status                        ; Successful - Sat Oct 20 07:35:26 2018       ;
; Quartus II 64-Bit Version          ; 14.1.0 Build 186 12/03/2014 SJ Full Version ;
; Revision Name                      ; MultUse                                     ;
; Top-level Entity Name              ; MultUse                                     ;
; Family                             ; Cyclone IV E                                ;
; Device                             ; EP4CE15F17C8                                ;
; Timing Models                      ; Final                                       ;
; Total logic elements               ; 40 / 15,408 ( < 1 % )                       ;
;     Total combinational functions  ; 34 / 15,408 ( < 1 % )                       ;
;     Dedicated logic registers      ; 8 / 15,408 ( < 1 % )                        ;
; Total registers                    ; 24                                          ;
; Total pins                         ; 34 / 166 ( 20 % )                           ;
; Total virtual pins                 ; 0                                           ;
; Total memory bits                  ; 0 / 516,096 ( 0 % )                         ;
; Embedded Multiplier 9-bit elements ; 1 / 112 ( < 1 % )                           ;
; Total PLLs                         ; 1 / 4 ( 25 % )                              ;
+------------------------------------+---------------------------------------------+


+-----------------------------------------+
; Flow Settings                           ;
+-------------------+---------------------+
; Option            ; Setting             ;
+-------------------+---------------------+
; Start date & time ; 10/20/2018 07:35:05 ;
; Main task         ; Compilation         ;
; Revision Name     ; MultUse             ;
+-------------------+---------------------+


+------------------------------------------------------------------------------------------------------------------+
; Flow Non-Default Global Settings                                                                                 ;
+-------------------------------------+---------------------------------+---------------+-------------+------------+
; Assignment Name                     ; Value                           ; Default Value ; Entity Name ; Section Id ;
+-------------------------------------+---------------------------------+---------------+-------------+------------+
; COMPILER_SIGNATURE_ID               ; 128454777248582.153999210505356 ; --            ; --          ; --         ;
; MAX_CORE_JUNCTION_TEMP              ; 85                              ; --            ; --          ; --         ;
; MIN_CORE_JUNCTION_TEMP              ; 0                               ; --            ; --          ; --         ;
; MISC_FILE                           ; IPCore_MyPLL/MyPLL.bsf          ; --            ; --          ; --         ;
; MISC_FILE                           ; IPCore_MyPLL/MyPLL_inst.v       ; --            ; --          ; --         ;
; MISC_FILE                           ; IPCore_MyPLL/MyPLL_bb.v         ; --            ; --          ; --         ;
; MISC_FILE                           ; IPCore_MyPLL/MyPLL.inc          ; --            ; --          ; --         ;
; MISC_FILE                           ; IPCore_MyPLL/MyPLL.cmp          ; --            ; --          ; --         ;
; MISC_FILE                           ; IPCore_MyPLL/MyPLL.ppf          ; --            ; --          ; --         ;
; MISC_FILE                           ; IPCore_Mult/Mult_7x7.bsf        ; --            ; --          ; --         ;
; MISC_FILE                           ; IPCore_Mult/Mult_7x7_inst.v     ; --            ; --          ; --         ;
; MISC_FILE                           ; IPCore_Mult/Mult_7x7_bb.v       ; --            ; --          ; --         ;
; MISC_FILE                           ; IPCore_Mult/Mult_7x7.inc        ; --            ; --          ; --         ;
; MISC_FILE                           ; IPCore_Mult/Mult_7x7.cmp        ; --            ; --          ; --         ;
; NOMINAL_CORE_SUPPLY_VOLTAGE         ; 1.2V                            ; --            ; --          ; --         ;
; PARTITION_COLOR                     ; 16764057                        ; --            ; --          ; Top        ;
; PARTITION_FITTER_PRESERVATION_LEVEL ; PLACEMENT_AND_ROUTING           ; --            ; --          ; Top        ;
; PARTITION_NETLIST_TYPE              ; SOURCE                          ; --            ; --          ; Top        ;
; PROJECT_OUTPUT_DIRECTORY            ; output_files                    ; --            ; --          ; --         ;
+-------------------------------------+---------------------------------+---------------+-------------+------------+


+-------------------------------------------------------------------------------------------------------------------------------+
; Flow Elapsed Time                                                                                                             ;
+---------------------------+--------------+-------------------------+---------------------+------------------------------------+
; Module Name               ; Elapsed Time ; Average Processors Used ; Peak Virtual Memory ; Total CPU Time (on all processors) ;
+---------------------------+--------------+-------------------------+---------------------+------------------------------------+
; Analysis & Synthesis      ; 00:00:10     ; 1.0                     ; 641 MB              ; 00:00:20                           ;
; Fitter                    ; 00:00:05     ; 1.0                     ; 1320 MB             ; 00:00:05                           ;
; Assembler                 ; 00:00:01     ; 1.0                     ; 552 MB              ; 00:00:01                           ;
; TimeQuest Timing Analyzer ; 00:00:02     ; 1.0                     ; 634 MB              ; 00:00:02                           ;
; Total                     ; 00:00:18     ; --                      ; --                  ; 00:00:28                           ;
+---------------------------+--------------+-------------------------+---------------------+------------------------------------+


+----------------------------------------------------------------------------------------+
; Flow OS Summary                                                                        ;
+---------------------------+------------------+-----------+------------+----------------+
; Module Name               ; Machine Hostname ; OS Name   ; OS Version ; Processor type ;
+---------------------------+------------------+-----------+------------+----------------+
; Analysis & Synthesis      ; PC-20181014UOPA  ; Windows 7 ; 6.1        ; x86_64         ;
; Fitter                    ; PC-20181014UOPA  ; Windows 7 ; 6.1        ; x86_64         ;
; Assembler                 ; PC-20181014UOPA  ; Windows 7 ; 6.1        ; x86_64         ;
; TimeQuest Timing Analyzer ; PC-20181014UOPA  ; Windows 7 ; 6.1        ; x86_64         ;
+---------------------------+------------------+-----------+------------+----------------+


------------
; Flow Log ;
------------
quartus_map --read_settings_files=on --write_settings_files=off MultUse -c MultUse
quartus_fit --read_settings_files=off --write_settings_files=off MultUse -c MultUse
quartus_asm --read_settings_files=off --write_settings_files=off MultUse -c MultUse
quartus_sta MultUse -c MultUse



